C:\USERS\GEOFF\SIGIL\BUILD-VC2010\CMAKEFILES\GENERATE.STAMP
C:\USERS\GEOFF\SIGIL\BUILD-VC2010\RELEASE\SIGIL.DLL
C:\Users\Geoff\sigil\build-vc2010\Release\sigil.exp
C:\Users\Geoff\sigil\build-vc2010\Release\sigil.lib
C:\USERS\GEOFF\SIGIL\BUILD-VC2010\SIGIL.DIR\RELEASE\CIRCLE.OBJ
C:\Users\Geoff\sigil\build-vc2010\sigil.dir\Release\cl.command.1.tlog
C:\Users\Geoff\sigil\build-vc2010\sigil.dir\Release\CL.read.1.tlog
C:\Users\Geoff\sigil\build-vc2010\sigil.dir\Release\CL.write.1.tlog
C:\Users\Geoff\sigil\build-vc2010\sigil.dir\Release\custombuild.command.1.tlog
C:\Users\Geoff\sigil\build-vc2010\sigil.dir\Release\custombuild.read.1.tlog
C:\Users\Geoff\sigil\build-vc2010\sigil.dir\Release\custombuild.write.1.tlog
C:\USERS\GEOFF\SIGIL\BUILD-VC2010\SIGIL.DIR\RELEASE\DRAWGL.OBJ
C:\USERS\GEOFF\SIGIL\BUILD-VC2010\SIGIL.DIR\RELEASE\FONT.OBJ
C:\USERS\GEOFF\SIGIL\BUILD-VC2010\SIGIL.DIR\RELEASE\IMAGE_DXT.OBJ
C:\USERS\GEOFF\SIGIL\BUILD-VC2010\SIGIL.DIR\RELEASE\IMAGE_HELPER.OBJ
C:\USERS\GEOFF\SIGIL\BUILD-VC2010\SIGIL.DIR\RELEASE\IMAGES.OBJ
C:\USERS\GEOFF\SIGIL\BUILD-VC2010\SIGIL.DIR\RELEASE\LINE.OBJ
C:\Users\Geoff\sigil\build-vc2010\sigil.dir\Release\link.command.1.tlog
C:\Users\Geoff\sigil\build-vc2010\sigil.dir\Release\link.read.1.tlog
C:\Users\Geoff\sigil\build-vc2010\sigil.dir\Release\link.write.1.tlog
C:\Users\Geoff\sigil\build-vc2010\sigil.dir\Release\mt.command.1.tlog
C:\Users\Geoff\sigil\build-vc2010\sigil.dir\Release\mt.read.1.tlog
C:\Users\Geoff\sigil\build-vc2010\sigil.dir\Release\mt.write.1.tlog
C:\USERS\GEOFF\SIGIL\BUILD-VC2010\SIGIL.DIR\RELEASE\POINT.OBJ
C:\USERS\GEOFF\SIGIL\BUILD-VC2010\SIGIL.DIR\RELEASE\RECTANGLE.OBJ
C:\USERS\GEOFF\SIGIL\BUILD-VC2010\SIGIL.DIR\RELEASE\SHADER.OBJ
C:\USERS\GEOFF\SIGIL\BUILD-VC2010\SIGIL.DIR\RELEASE\SHADERS_GL.OBJ
C:\USERS\GEOFF\SIGIL\BUILD-VC2010\SIGIL.DIR\RELEASE\SIGIL.DLL.INTERMEDIATE.MANIFEST
C:\Users\Geoff\sigil\build-vc2010\sigil.dir\Release\sigil.write.1.tlog
C:\USERS\GEOFF\SIGIL\BUILD-VC2010\SIGIL.DIR\RELEASE\SL.OBJ
C:\USERS\GEOFF\SIGIL\BUILD-VC2010\SIGIL.DIR\RELEASE\SOIL.OBJ
C:\USERS\GEOFF\SIGIL\BUILD-VC2010\SIGIL.DIR\RELEASE\SOUND.OBJ
C:\USERS\GEOFF\SIGIL\BUILD-VC2010\SIGIL.DIR\RELEASE\SPRITE.OBJ
C:\USERS\GEOFF\SIGIL\BUILD-VC2010\SIGIL.DIR\RELEASE\STB_IMAGE_AUG.OBJ
C:\USERS\GEOFF\SIGIL\BUILD-VC2010\SIGIL.DIR\RELEASE\TEXT.OBJ
C:\USERS\GEOFF\SIGIL\BUILD-VC2010\SIGIL.DIR\RELEASE\TRANSFORM.OBJ
C:\USERS\GEOFF\SIGIL\BUILD-VC2010\SIGIL.DIR\RELEASE\TRIANGLE.OBJ
C:\USERS\GEOFF\SIGIL\BUILD-VC2010\SIGIL.DIR\RELEASE\UTF8.OBJ
C:\USERS\GEOFF\SIGIL\BUILD-VC2010\SIGIL.DIR\RELEASE\WINDOW_GLFW.OBJ
