Build started Sun, May 29 8:41:31 pm.
     1>Project "C:\Users\Geoff\sigil\build-vc2012-win64\src\glfw\src\glfw.vcxproj" on node 2 (Build target(s)).
     1>CustomBuild:
         Building Custom Rule C:/Users/Geoff/sigil/src/glfw/src/CMakeLists.txt
         CMake does not need to re-run because C:\Users\Geoff\sigil\build-vc2012-win64\src\glfw\src\CMakeFiles\generate.stamp is up-to-date.
       ClCompile:
         C:\Program Files (x86)\Microsoft Visual Studio 11.0\VC\bin\x86_amd64\CL.exe /c /IC:\Users\Geoff\sigil\include /IC:\Users\Geoff\sigil\src\glfw\include /IC:\Users\Geoff\sigil\src\glfw\src /I"C:\Users\Geoff\sigil\build-vc2012-win64\src\glfw\src" /nologo /W3 /WX- /O2 /Ob2 /D WIN32 /D _WINDOWS /D NDEBUG /D _GLFW_USE_CONFIG_H /D _CRT_SECURE_NO_WARNINGS /D "CMAKE_INTDIR=\"Release\"" /D _MBCS /Gm- /MD /GS /fp:precise /Zc:wchar_t /Zc:forScope /Fo"glfw.dir\Release\\" /Fd"glfw.dir\Release\vc110.pdb" /Gd /TC /errorReport:prompt C:\Users\Geoff\sigil\src\glfw\src\context.c C:\Users\Geoff\sigil\src\glfw\src\init.c C:\Users\Geoff\sigil\src\glfw\src\input.c C:\Users\Geoff\sigil\src\glfw\src\monitor.c C:\Users\Geoff\sigil\src\glfw\src\vulkan.c C:\Users\Geoff\sigil\src\glfw\src\window.c C:\Users\Geoff\sigil\src\glfw\src\win32_init.c C:\Users\Geoff\sigil\src\glfw\src\win32_joystick.c C:\Users\Geoff\sigil\src\glfw\src\win32_monitor.c C:\Users\Geoff\sigil\src\glfw\src\win32_time.c C:\Users\Geoff\sigil\src\glfw\src\win32_tls.c C:\Users\Geoff\sigil\src\glfw\src\win32_window.c C:\Users\Geoff\sigil\src\glfw\src\wgl_context.c
         context.c
         init.c
         input.c
         monitor.c
         vulkan.c
         window.c
         win32_init.c
         win32_joystick.c
         win32_monitor.c
         win32_time.c
         win32_tls.c
         win32_window.c
         wgl_context.c
         Generating Code...
       Lib:
         C:\Program Files (x86)\Microsoft Visual Studio 11.0\VC\bin\x86_amd64\Lib.exe /OUT:"C:\Users\Geoff\sigil\build-vc2012-win64\src\glfw\src\Release\glfw3.lib" /NOLOGO /MACHINE:X64  /machine:x64 glfw.dir\Release\context.obj
         glfw.dir\Release\init.obj
         glfw.dir\Release\input.obj
         glfw.dir\Release\monitor.obj
         glfw.dir\Release\vulkan.obj
         glfw.dir\Release\window.obj
         glfw.dir\Release\win32_init.obj
         glfw.dir\Release\win32_joystick.obj
         glfw.dir\Release\win32_monitor.obj
         glfw.dir\Release\win32_time.obj
         glfw.dir\Release\win32_tls.obj
         glfw.dir\Release\win32_window.obj
         glfw.dir\Release\wgl_context.obj
         glfw.vcxproj -> C:\Users\Geoff\sigil\build-vc2012-win64\src\glfw\src\Release\glfw3.lib
     1>Done Building Project "C:\Users\Geoff\sigil\build-vc2012-win64\src\glfw\src\glfw.vcxproj" (Build target(s)).

Build succeeded.

Time Elapsed 00:00:06.35
