C:\USERS\GEOFF\SIGIL\BUILD-VC2012-WIN64\SRC\GLFW\SRC\GLFW.DIR\RELEASE\WGL_CONTEXT.OBJ
C:\USERS\GEOFF\SIGIL\BUILD-VC2012-WIN64\SRC\GLFW\SRC\GLFW.DIR\RELEASE\WIN32_WINDOW.OBJ
C:\USERS\GEOFF\SIGIL\BUILD-VC2012-WIN64\SRC\GLFW\SRC\GLFW.DIR\RELEASE\WIN32_TLS.OBJ
C:\USERS\GEOFF\SIGIL\BUILD-VC2012-WIN64\SRC\GLFW\SRC\GLFW.DIR\RELEASE\WIN32_TIME.OBJ
C:\USERS\GEOFF\SIGIL\BUILD-VC2012-WIN64\SRC\GLFW\SRC\GLFW.DIR\RELEASE\WIN32_MONITOR.OBJ
C:\USERS\GEOFF\SIGIL\BUILD-VC2012-WIN64\SRC\GLFW\SRC\GLFW.DIR\RELEASE\WIN32_JOYSTICK.OBJ
C:\USERS\GEOFF\SIGIL\BUILD-VC2012-WIN64\SRC\GLFW\SRC\GLFW.DIR\RELEASE\WIN32_INIT.OBJ
C:\USERS\GEOFF\SIGIL\BUILD-VC2012-WIN64\SRC\GLFW\SRC\GLFW.DIR\RELEASE\WINDOW.OBJ
C:\USERS\GEOFF\SIGIL\BUILD-VC2012-WIN64\SRC\GLFW\SRC\GLFW.DIR\RELEASE\VULKAN.OBJ
C:\USERS\GEOFF\SIGIL\BUILD-VC2012-WIN64\SRC\GLFW\SRC\GLFW.DIR\RELEASE\MONITOR.OBJ
C:\USERS\GEOFF\SIGIL\BUILD-VC2012-WIN64\SRC\GLFW\SRC\GLFW.DIR\RELEASE\INPUT.OBJ
C:\USERS\GEOFF\SIGIL\BUILD-VC2012-WIN64\SRC\GLFW\SRC\GLFW.DIR\RELEASE\INIT.OBJ
C:\USERS\GEOFF\SIGIL\BUILD-VC2012-WIN64\SRC\GLFW\SRC\GLFW.DIR\RELEASE\CONTEXT.OBJ
C:\USERS\GEOFF\SIGIL\BUILD-VC2012-WIN64\SRC\GLFW\SRC\CMAKEFILES\GENERATE.STAMP
C:\USERS\GEOFF\SIGIL\BUILD-VC2012-WIN64\SRC\GLFW\SRC\RELEASE\GLFW3.LIB
C:\Users\Geoff\sigil\build-vc2012-win64\src\glfw\src\glfw.dir\Release\context.obj
C:\Users\Geoff\sigil\build-vc2012-win64\src\glfw\src\glfw.dir\Release\init.obj
C:\Users\Geoff\sigil\build-vc2012-win64\src\glfw\src\glfw.dir\Release\input.obj
C:\Users\Geoff\sigil\build-vc2012-win64\src\glfw\src\glfw.dir\Release\monitor.obj
C:\Users\Geoff\sigil\build-vc2012-win64\src\glfw\src\glfw.dir\Release\vulkan.obj
C:\Users\Geoff\sigil\build-vc2012-win64\src\glfw\src\glfw.dir\Release\wgl_context.obj
C:\Users\Geoff\sigil\build-vc2012-win64\src\glfw\src\glfw.dir\Release\win32_init.obj
C:\Users\Geoff\sigil\build-vc2012-win64\src\glfw\src\glfw.dir\Release\win32_joystick.obj
C:\Users\Geoff\sigil\build-vc2012-win64\src\glfw\src\glfw.dir\Release\win32_monitor.obj
C:\Users\Geoff\sigil\build-vc2012-win64\src\glfw\src\glfw.dir\Release\win32_time.obj
C:\Users\Geoff\sigil\build-vc2012-win64\src\glfw\src\glfw.dir\Release\win32_tls.obj
C:\Users\Geoff\sigil\build-vc2012-win64\src\glfw\src\glfw.dir\Release\win32_window.obj
C:\Users\Geoff\sigil\build-vc2012-win64\src\glfw\src\glfw.dir\Release\window.obj
C:\Users\Geoff\sigil\build-vc2012-win64\src\glfw\src\glfw.dir\Release\cl.command.1.tlog
C:\Users\Geoff\sigil\build-vc2012-win64\src\glfw\src\glfw.dir\Release\CL.read.1.tlog
C:\Users\Geoff\sigil\build-vc2012-win64\src\glfw\src\glfw.dir\Release\CL.write.1.tlog
C:\Users\Geoff\sigil\build-vc2012-win64\src\glfw\src\glfw.dir\Release\custombuild.command.1.tlog
C:\Users\Geoff\sigil\build-vc2012-win64\src\glfw\src\glfw.dir\Release\custombuild.read.1.tlog
C:\Users\Geoff\sigil\build-vc2012-win64\src\glfw\src\glfw.dir\Release\custombuild.write.1.tlog
C:\Users\Geoff\sigil\build-vc2012-win64\src\glfw\src\glfw.dir\Release\Lib-link.read.1.tlog
C:\Users\Geoff\sigil\build-vc2012-win64\src\glfw\src\glfw.dir\Release\Lib-link.write.1.tlog
C:\Users\Geoff\sigil\build-vc2012-win64\src\glfw\src\glfw.dir\Release\lib.command.1.tlog
C:\Users\Geoff\sigil\build-vc2012-win64\src\glfw\src\Release\glfw3.lib
