C:\USERS\GEOFF\SIGIL\EXAMPLES\TRANSFORMATIONS\VC2012-WIN64\X64\DEBUG\TRANSFORMATIONS.OBJ
C:\USERS\GEOFF\SIGIL\EXAMPLES\TRANSFORMATIONS\VC2012-WIN64\X64\DEBUG\VC110.PDB
C:\USERS\GEOFF\SIGIL\EXAMPLES\TRANSFORMATIONS\VC2012-WIN64\X64\DEBUG\TRANSFORMATIONS-VC2012-WIN64.ILK
C:\USERS\GEOFF\SIGIL\EXAMPLES\TRANSFORMATIONS\VC2012-WIN64\X64\DEBUG\TRANSFORMATIONS-VC2012-WIN64.EXE
C:\USERS\GEOFF\SIGIL\EXAMPLES\TRANSFORMATIONS\VC2012-WIN64\X64\DEBUG\TRANSFORMATIONS-VC2012-WIN64.PDB
C:\Users\geoff\sigil\examples\transformations\vc2012-win64\x64\Debug\transformations.obj
C:\Users\geoff\sigil\examples\transformations\vc2012-win64\x64\Debug\transformations-vc2012-win64.ilk
C:\Users\geoff\sigil\examples\transformations\vc2012-win64\x64\Debug\cl.command.1.tlog
C:\Users\geoff\sigil\examples\transformations\vc2012-win64\x64\Debug\CL.read.1.tlog
C:\Users\geoff\sigil\examples\transformations\vc2012-win64\x64\Debug\CL.write.1.tlog
C:\Users\geoff\sigil\examples\transformations\vc2012-win64\x64\Debug\link-cvtres.read.1.tlog
C:\Users\geoff\sigil\examples\transformations\vc2012-win64\x64\Debug\link-cvtres.write.1.tlog
C:\Users\geoff\sigil\examples\transformations\vc2012-win64\x64\Debug\link-rc.read.1.tlog
C:\Users\geoff\sigil\examples\transformations\vc2012-win64\x64\Debug\link-rc.write.1.tlog
C:\Users\geoff\sigil\examples\transformations\vc2012-win64\x64\Debug\link.command.1.tlog
C:\Users\geoff\sigil\examples\transformations\vc2012-win64\x64\Debug\link.read.1.tlog
C:\Users\geoff\sigil\examples\transformations\vc2012-win64\x64\Debug\link.write.1.tlog
C:\Users\geoff\sigil\examples\transformations\vc2012-win64\x64\Debug\vc110.idb
C:\Users\geoff\sigil\examples\transformations\vc2012-win64\x64\Debug\transformations-vc2012-win64.pdb
C:\Users\geoff\sigil\examples\transformations\vc2012-win64\x64\Debug\vc110.pdb
C:\Users\geoff\sigil\examples\transformations\vc2012-win64\x64\Debug\transformations-vc2012-win64.exe
