c:\users\geoff\sigil\build-vc2013\sigil.dir\release\window_glfw.obj
c:\users\geoff\sigil\build-vc2013\sigil.dir\release\transform.obj
c:\users\geoff\sigil\build-vc2013\sigil.dir\release\shader.obj
c:\users\geoff\sigil\build-vc2013\sigil.dir\release\images.obj
c:\users\geoff\sigil\build-vc2013\sigil.dir\release\stb_image_aug.obj
c:\users\geoff\sigil\build-vc2013\sigil.dir\release\soil.obj
c:\users\geoff\sigil\build-vc2013\sigil.dir\release\image_helper.obj
c:\users\geoff\sigil\build-vc2013\sigil.dir\release\image_dxt.obj
c:\users\geoff\sigil\build-vc2013\sigil.dir\release\utf8.obj
c:\users\geoff\sigil\build-vc2013\sigil.dir\release\font.obj
c:\users\geoff\sigil\build-vc2013\sigil.dir\release\drawgl.obj
c:\users\geoff\sigil\build-vc2013\sigil.dir\release\triangle.obj
c:\users\geoff\sigil\build-vc2013\sigil.dir\release\text.obj
c:\users\geoff\sigil\build-vc2013\sigil.dir\release\sprite.obj
c:\users\geoff\sigil\build-vc2013\sigil.dir\release\sound.obj
c:\users\geoff\sigil\build-vc2013\sigil.dir\release\rectangle.obj
c:\users\geoff\sigil\build-vc2013\sigil.dir\release\point.obj
c:\users\geoff\sigil\build-vc2013\sigil.dir\release\line.obj
c:\users\geoff\sigil\build-vc2013\sigil.dir\release\circle.obj
c:\users\geoff\sigil\build-vc2013\sigil.dir\release\sl.obj
c:\users\geoff\sigil\build-vc2013\sigil.dir\release\shaders_gl.obj
c:\users\geoff\sigil\build-vc2013\cmakefiles\generate.stamp
c:\users\geoff\sigil\build-vc2013\release\sigil.dll
c:\users\geoff\sigil\build-vc2013\release\sigil.lib
c:\users\geoff\sigil\build-vc2013\release\sigil.exp
c:\users\geoff\sigil\build-vc2013\sigil.dir\release\sigil.tlog\cl.command.1.tlog
c:\users\geoff\sigil\build-vc2013\sigil.dir\release\sigil.tlog\cl.read.1.tlog
c:\users\geoff\sigil\build-vc2013\sigil.dir\release\sigil.tlog\cl.write.1.tlog
c:\users\geoff\sigil\build-vc2013\sigil.dir\release\sigil.tlog\custombuild.command.1.tlog
c:\users\geoff\sigil\build-vc2013\sigil.dir\release\sigil.tlog\custombuild.read.1.tlog
c:\users\geoff\sigil\build-vc2013\sigil.dir\release\sigil.tlog\custombuild.write.1.tlog
c:\users\geoff\sigil\build-vc2013\sigil.dir\release\sigil.tlog\link.command.1.tlog
c:\users\geoff\sigil\build-vc2013\sigil.dir\release\sigil.tlog\link.read.1.tlog
c:\users\geoff\sigil\build-vc2013\sigil.dir\release\sigil.tlog\link.write.1.tlog
c:\users\geoff\sigil\build-vc2013\sigil.dir\release\sigil.tlog\sigil.write.1u.tlog
