C:\USERS\GEOFF\SIGIL\BUILD-VC2012\SIGIL.DIR\RELEASE\WINDOW_GLFW.OBJ
C:\USERS\GEOFF\SIGIL\BUILD-VC2012\SIGIL.DIR\RELEASE\TRANSFORM.OBJ
C:\USERS\GEOFF\SIGIL\BUILD-VC2012\SIGIL.DIR\RELEASE\SHADER.OBJ
C:\USERS\GEOFF\SIGIL\BUILD-VC2012\SIGIL.DIR\RELEASE\IMAGES.OBJ
C:\USERS\GEOFF\SIGIL\BUILD-VC2012\SIGIL.DIR\RELEASE\STB_IMAGE_AUG.OBJ
C:\USERS\GEOFF\SIGIL\BUILD-VC2012\SIGIL.DIR\RELEASE\SOIL.OBJ
C:\USERS\GEOFF\SIGIL\BUILD-VC2012\SIGIL.DIR\RELEASE\IMAGE_HELPER.OBJ
C:\USERS\GEOFF\SIGIL\BUILD-VC2012\SIGIL.DIR\RELEASE\IMAGE_DXT.OBJ
C:\USERS\GEOFF\SIGIL\BUILD-VC2012\SIGIL.DIR\RELEASE\UTF8.OBJ
C:\USERS\GEOFF\SIGIL\BUILD-VC2012\SIGIL.DIR\RELEASE\FONT.OBJ
C:\USERS\GEOFF\SIGIL\BUILD-VC2012\SIGIL.DIR\RELEASE\DRAWGL.OBJ
C:\USERS\GEOFF\SIGIL\BUILD-VC2012\SIGIL.DIR\RELEASE\TRIANGLE.OBJ
C:\USERS\GEOFF\SIGIL\BUILD-VC2012\SIGIL.DIR\RELEASE\TEXT.OBJ
C:\USERS\GEOFF\SIGIL\BUILD-VC2012\SIGIL.DIR\RELEASE\SPRITE.OBJ
C:\USERS\GEOFF\SIGIL\BUILD-VC2012\SIGIL.DIR\RELEASE\SOUND.OBJ
C:\USERS\GEOFF\SIGIL\BUILD-VC2012\SIGIL.DIR\RELEASE\RECTANGLE.OBJ
C:\USERS\GEOFF\SIGIL\BUILD-VC2012\SIGIL.DIR\RELEASE\POINT.OBJ
C:\USERS\GEOFF\SIGIL\BUILD-VC2012\SIGIL.DIR\RELEASE\LINE.OBJ
C:\USERS\GEOFF\SIGIL\BUILD-VC2012\SIGIL.DIR\RELEASE\CIRCLE.OBJ
C:\USERS\GEOFF\SIGIL\BUILD-VC2012\SIGIL.DIR\RELEASE\SL.OBJ
C:\USERS\GEOFF\SIGIL\BUILD-VC2012\SIGIL.DIR\RELEASE\SHADERS_GL.OBJ
C:\USERS\GEOFF\SIGIL\BUILD-VC2012\CMAKEFILES\GENERATE.STAMP
C:\USERS\GEOFF\SIGIL\BUILD-VC2012\RELEASE\SIGIL.DLL
C:\Users\Geoff\sigil\build-vc2012\Release\sigil.lib
C:\Users\Geoff\sigil\build-vc2012\Release\sigil.exp
C:\Users\Geoff\sigil\build-vc2012\sigil.dir\Release\sigil.vcxprojResolveAssemblyReference.cache
C:\Users\Geoff\sigil\build-vc2012\sigil.dir\Release\circle.obj
C:\Users\Geoff\sigil\build-vc2012\sigil.dir\Release\drawgl.obj
C:\Users\Geoff\sigil\build-vc2012\sigil.dir\Release\font.obj
C:\Users\Geoff\sigil\build-vc2012\sigil.dir\Release\images.obj
C:\Users\Geoff\sigil\build-vc2012\sigil.dir\Release\image_DXT.obj
C:\Users\Geoff\sigil\build-vc2012\sigil.dir\Release\image_helper.obj
C:\Users\Geoff\sigil\build-vc2012\sigil.dir\Release\line.obj
C:\Users\Geoff\sigil\build-vc2012\sigil.dir\Release\point.obj
C:\Users\Geoff\sigil\build-vc2012\sigil.dir\Release\rectangle.obj
C:\Users\Geoff\sigil\build-vc2012\sigil.dir\Release\shader.obj
C:\Users\Geoff\sigil\build-vc2012\sigil.dir\Release\shaders_gl.obj
C:\Users\Geoff\sigil\build-vc2012\sigil.dir\Release\sl.obj
C:\Users\Geoff\sigil\build-vc2012\sigil.dir\Release\SOIL.obj
C:\Users\Geoff\sigil\build-vc2012\sigil.dir\Release\sound.obj
C:\Users\Geoff\sigil\build-vc2012\sigil.dir\Release\sprite.obj
C:\Users\Geoff\sigil\build-vc2012\sigil.dir\Release\stb_image_aug.obj
C:\Users\Geoff\sigil\build-vc2012\sigil.dir\Release\text.obj
C:\Users\Geoff\sigil\build-vc2012\sigil.dir\Release\transform.obj
C:\Users\Geoff\sigil\build-vc2012\sigil.dir\Release\triangle.obj
C:\Users\Geoff\sigil\build-vc2012\sigil.dir\Release\utf8.obj
C:\Users\Geoff\sigil\build-vc2012\sigil.dir\Release\window_glfw.obj
C:\Users\Geoff\sigil\build-vc2012\sigil.dir\Release\cl.command.1.tlog
C:\Users\Geoff\sigil\build-vc2012\sigil.dir\Release\CL.read.1.tlog
C:\Users\Geoff\sigil\build-vc2012\sigil.dir\Release\CL.write.1.tlog
C:\Users\Geoff\sigil\build-vc2012\sigil.dir\Release\custombuild.command.1.tlog
C:\Users\Geoff\sigil\build-vc2012\sigil.dir\Release\custombuild.read.1.tlog
C:\Users\Geoff\sigil\build-vc2012\sigil.dir\Release\custombuild.write.1.tlog
C:\Users\Geoff\sigil\build-vc2012\sigil.dir\Release\link-cvtres.read.1.tlog
C:\Users\Geoff\sigil\build-vc2012\sigil.dir\Release\link-cvtres.write.1.tlog
C:\Users\Geoff\sigil\build-vc2012\sigil.dir\Release\link-rc.read.1.tlog
C:\Users\Geoff\sigil\build-vc2012\sigil.dir\Release\link-rc.write.1.tlog
C:\Users\Geoff\sigil\build-vc2012\sigil.dir\Release\link.command.1.tlog
C:\Users\Geoff\sigil\build-vc2012\sigil.dir\Release\link.read.1.tlog
C:\Users\Geoff\sigil\build-vc2012\sigil.dir\Release\link.write.1.tlog
C:\Users\Geoff\sigil\build-vc2012\sigil.dir\Release\sigil.write.1.tlog
C:\Users\Geoff\sigil\build-vc2012\Release\sigil.dll
