C:\USERS\GEOFF\SIGIL\EXAMPLES\TRANSFORMATIONS\VC2012\DEBUG\TRANSFORMATIONS.OBJ
C:\USERS\GEOFF\SIGIL\EXAMPLES\TRANSFORMATIONS\VC2012\DEBUG\VC110.PDB
C:\USERS\GEOFF\SIGIL\EXAMPLES\TRANSFORMATIONS\VC2012\DEBUG\TRANSFORMATIONS-VC2012.ILK
C:\USERS\GEOFF\SIGIL\EXAMPLES\TRANSFORMATIONS\VC2012\DEBUG\TRANSFORMATIONS-VC2012.EXE
C:\USERS\GEOFF\SIGIL\EXAMPLES\TRANSFORMATIONS\VC2012\DEBUG\TRANSFORMATIONS-VC2012.PDB
C:\Users\Archiact14\Desktop\Dropbox\misc\sigil\examples\transformations\vc2012\Debug\transformations.obj
C:\Users\Archiact14\Desktop\Dropbox\misc\sigil\examples\transformations\vc2012\Debug\transformations-vc2012.ilk
C:\Users\Archiact14\Desktop\Dropbox\misc\sigil\examples\transformations\vc2012\Debug\cl.command.1.tlog
C:\Users\Archiact14\Desktop\Dropbox\misc\sigil\examples\transformations\vc2012\Debug\CL.read.1.tlog
C:\Users\Archiact14\Desktop\Dropbox\misc\sigil\examples\transformations\vc2012\Debug\CL.write.1.tlog
C:\Users\Archiact14\Desktop\Dropbox\misc\sigil\examples\transformations\vc2012\Debug\link-cvtres.read.1.tlog
C:\Users\Archiact14\Desktop\Dropbox\misc\sigil\examples\transformations\vc2012\Debug\link-cvtres.write.1.tlog
C:\Users\Archiact14\Desktop\Dropbox\misc\sigil\examples\transformations\vc2012\Debug\link-rc.read.1.tlog
C:\Users\Archiact14\Desktop\Dropbox\misc\sigil\examples\transformations\vc2012\Debug\link-rc.write.1.tlog
C:\Users\Archiact14\Desktop\Dropbox\misc\sigil\examples\transformations\vc2012\Debug\link.command.1.tlog
C:\Users\Archiact14\Desktop\Dropbox\misc\sigil\examples\transformations\vc2012\Debug\link.read.1.tlog
C:\Users\Archiact14\Desktop\Dropbox\misc\sigil\examples\transformations\vc2012\Debug\link.write.1.tlog
C:\Users\Archiact14\Desktop\Dropbox\misc\sigil\examples\transformations\vc2012\Debug\vc110.idb
C:\Users\Archiact14\Desktop\Dropbox\misc\sigil\examples\transformations\vc2012\Debug\transformations-vc2012.pdb
C:\Users\Archiact14\Desktop\Dropbox\misc\sigil\examples\transformations\vc2012\Debug\vc110.pdb
C:\Users\Archiact14\Desktop\Dropbox\misc\sigil\examples\transformations\vc2012\Debug\transformations-vc2012.exe
