Determining if the pthread_create exist failed with the following output:
Change Dir: /home/geoff/sigil/build-gcc/CMakeFiles/CMakeTmp

Run Build Command:/usr/bin/make "cmTryCompileExec53692966/fast"
/usr/bin/make -f CMakeFiles/cmTryCompileExec53692966.dir/build.make CMakeFiles/cmTryCompileExec53692966.dir/build
make[1]: Entering directory `/home/geoff/sigil/build-gcc/CMakeFiles/CMakeTmp'
/usr/bin/cmake -E cmake_progress_report /home/geoff/sigil/build-gcc/CMakeFiles/CMakeTmp/CMakeFiles 1
Building C object CMakeFiles/cmTryCompileExec53692966.dir/CheckSymbolExists.c.o
/usr/bin/cc    -o CMakeFiles/cmTryCompileExec53692966.dir/CheckSymbolExists.c.o   -c /home/geoff/sigil/build-gcc/CMakeFiles/CMakeTmp/CheckSymbolExists.c
Linking C executable cmTryCompileExec53692966
/usr/bin/cmake -E cmake_link_script CMakeFiles/cmTryCompileExec53692966.dir/link.txt --verbose=1
/usr/bin/cc       CMakeFiles/cmTryCompileExec53692966.dir/CheckSymbolExists.c.o  -o cmTryCompileExec53692966 -rdynamic 
CMakeFiles/cmTryCompileExec53692966.dir/CheckSymbolExists.c.o: In function `main':
CheckSymbolExists.c:(.text+0x16): undefined reference to `pthread_create'
collect2: error: ld returned 1 exit status
make[1]: Leaving directory `/home/geoff/sigil/build-gcc/CMakeFiles/CMakeTmp'
make[1]: *** [cmTryCompileExec53692966] Error 1
make: *** [cmTryCompileExec53692966/fast] Error 2

File /home/geoff/sigil/build-gcc/CMakeFiles/CMakeTmp/CheckSymbolExists.c:
/* */
#include <pthread.h>

int main(int argc, char** argv)
{
  (void)argv;
#ifndef pthread_create
  return ((int*)(&pthread_create))[argc];
#else
  (void)argc;
  return 0;
#endif
}

Determining if the function pthread_create exists in the pthreads failed with the following output:
Change Dir: /home/geoff/sigil/build-gcc/CMakeFiles/CMakeTmp

Run Build Command:/usr/bin/make "cmTryCompileExec2988052020/fast"
/usr/bin/make -f CMakeFiles/cmTryCompileExec2988052020.dir/build.make CMakeFiles/cmTryCompileExec2988052020.dir/build
make[1]: Entering directory `/home/geoff/sigil/build-gcc/CMakeFiles/CMakeTmp'
/usr/bin/cmake -E cmake_progress_report /home/geoff/sigil/build-gcc/CMakeFiles/CMakeTmp/CMakeFiles 1
Building C object CMakeFiles/cmTryCompileExec2988052020.dir/CheckFunctionExists.c.o
/usr/bin/cc   -DCHECK_FUNCTION_EXISTS=pthread_create   -o CMakeFiles/cmTryCompileExec2988052020.dir/CheckFunctionExists.c.o   -c /usr/share/cmake-2.8/Modules/CheckFunctionExists.c
Linking C executable cmTryCompileExec2988052020
/usr/bin/cmake -E cmake_link_script CMakeFiles/cmTryCompileExec2988052020.dir/link.txt --verbose=1
/usr/bin/cc   -DCHECK_FUNCTION_EXISTS=pthread_create    CMakeFiles/cmTryCompileExec2988052020.dir/CheckFunctionExists.c.o  -o cmTryCompileExec2988052020 -rdynamic -lpthreads 
/usr/bin/ld: cannot find -lpthreads
collect2: error: ld returned 1 exit status
make[1]: *** [cmTryCompileExec2988052020] Error 1
make[1]: Leaving directory `/home/geoff/sigil/build-gcc/CMakeFiles/CMakeTmp'
make: *** [cmTryCompileExec2988052020/fast] Error 2


