C:\USERS\GEOFF\SIGIL\EXAMPLES\SPRITES\SPRITES\DEBUG\SPRITES.EXE
C:\USERS\GEOFF\SIGIL\EXAMPLES\SPRITES\SPRITES\DEBUG\SPRITES.EXE.INTERMEDIATE.MANIFEST
C:\USERS\GEOFF\SIGIL\EXAMPLES\SPRITES\SPRITES\DEBUG\SPRITES.ILK
C:\USERS\GEOFF\SIGIL\EXAMPLES\SPRITES\SPRITES\DEBUG\SPRITES.OBJ
C:\USERS\GEOFF\SIGIL\EXAMPLES\SPRITES\SPRITES\DEBUG\SPRITES.PDB
C:\USERS\GEOFF\SIGIL\EXAMPLES\SPRITES\SPRITES\DEBUG\VC100.PDB
C:\Users\Geoff\sigil\examples\sprites\vc2010\Debug\cl.command.1.tlog
C:\Users\Geoff\sigil\examples\sprites\vc2010\Debug\CL.read.1.tlog
C:\Users\Geoff\sigil\examples\sprites\vc2010\Debug\CL.write.1.tlog
C:\Users\Geoff\sigil\examples\sprites\vc2010\Debug\link.command.1.tlog
C:\Users\Geoff\sigil\examples\sprites\vc2010\Debug\link.read.1.tlog
C:\Users\Geoff\sigil\examples\sprites\vc2010\Debug\link.write.1.tlog
C:\Users\Geoff\sigil\examples\sprites\vc2010\Debug\mt.command.1.tlog
C:\Users\Geoff\sigil\examples\sprites\vc2010\Debug\mt.read.1.tlog
C:\Users\Geoff\sigil\examples\sprites\vc2010\Debug\mt.write.1.tlog
C:\USERS\GEOFF\SIGIL\EXAMPLES\SPRITES\VC2010\DEBUG\SPRITES.EXE
C:\USERS\GEOFF\SIGIL\EXAMPLES\SPRITES\VC2010\DEBUG\SPRITES.EXE.INTERMEDIATE.MANIFEST
C:\USERS\GEOFF\SIGIL\EXAMPLES\SPRITES\VC2010\DEBUG\SPRITES.ILK
C:\Users\Geoff\sigil\examples\sprites\vc2010\Debug\sprites.obj
C:\USERS\GEOFF\SIGIL\EXAMPLES\SPRITES\VC2010\DEBUG\SPRITES.PDB
C:\Users\Geoff\sigil\examples\sprites\vc2010\Debug\sprites.write.1.tlog
C:\Users\Geoff\sigil\examples\sprites\vc2010\Debug\vc100.idb
C:\Users\Geoff\sigil\examples\sprites\vc2010\Debug\vc100.pdb
