C:\USERS\GEOFF\SIGIL\EXAMPLES\TEXT\TEXT\DEBUG\TEXT.EXE
C:\USERS\GEOFF\SIGIL\EXAMPLES\TEXT\TEXT\DEBUG\TEXT.EXE.INTERMEDIATE.MANIFEST
C:\USERS\GEOFF\SIGIL\EXAMPLES\TEXT\TEXT\DEBUG\TEXT.ILK
C:\USERS\GEOFF\SIGIL\EXAMPLES\TEXT\TEXT\DEBUG\TEXT.OBJ
C:\USERS\GEOFF\SIGIL\EXAMPLES\TEXT\TEXT\DEBUG\TEXT.PDB
C:\USERS\GEOFF\SIGIL\EXAMPLES\TEXT\TEXT\DEBUG\VC100.PDB
C:\Users\Geoff\sigil\examples\text\vc2010\Debug\cl.command.1.tlog
C:\Users\Geoff\sigil\examples\text\vc2010\Debug\CL.read.1.tlog
C:\Users\Geoff\sigil\examples\text\vc2010\Debug\CL.write.1.tlog
C:\Users\Geoff\sigil\examples\text\vc2010\Debug\link.command.1.tlog
C:\Users\Geoff\sigil\examples\text\vc2010\Debug\link.read.1.tlog
C:\Users\Geoff\sigil\examples\text\vc2010\Debug\link.write.1.tlog
C:\Users\Geoff\sigil\examples\text\vc2010\Debug\mt.command.1.tlog
C:\Users\Geoff\sigil\examples\text\vc2010\Debug\mt.read.1.tlog
C:\Users\Geoff\sigil\examples\text\vc2010\Debug\mt.write.1.tlog
C:\Users\Geoff\sigil\examples\text\vc2010\Debug\text.exe.intermediate.manifest
C:\Users\Geoff\sigil\examples\text\vc2010\Debug\text.ilk
C:\Users\Geoff\sigil\examples\text\vc2010\Debug\text.obj
C:\Users\Geoff\sigil\examples\text\vc2010\Debug\text.pdb
C:\Users\Geoff\sigil\examples\text\vc2010\Debug\text.write.1.tlog
C:\Users\Geoff\sigil\examples\text\vc2010\Debug\vc100.idb
C:\Users\Geoff\sigil\examples\text\vc2010\Debug\vc100.pdb
