c:\users\geoff\sigil\build-vc2013\src\glfw\src\glfw.dir\release\wgl_context.obj
c:\users\geoff\sigil\build-vc2013\src\glfw\src\glfw.dir\release\win32_window.obj
c:\users\geoff\sigil\build-vc2013\src\glfw\src\glfw.dir\release\win32_tls.obj
c:\users\geoff\sigil\build-vc2013\src\glfw\src\glfw.dir\release\win32_time.obj
c:\users\geoff\sigil\build-vc2013\src\glfw\src\glfw.dir\release\win32_monitor.obj
c:\users\geoff\sigil\build-vc2013\src\glfw\src\glfw.dir\release\win32_joystick.obj
c:\users\geoff\sigil\build-vc2013\src\glfw\src\glfw.dir\release\win32_init.obj
c:\users\geoff\sigil\build-vc2013\src\glfw\src\glfw.dir\release\window.obj
c:\users\geoff\sigil\build-vc2013\src\glfw\src\glfw.dir\release\vulkan.obj
c:\users\geoff\sigil\build-vc2013\src\glfw\src\glfw.dir\release\monitor.obj
c:\users\geoff\sigil\build-vc2013\src\glfw\src\glfw.dir\release\input.obj
c:\users\geoff\sigil\build-vc2013\src\glfw\src\glfw.dir\release\init.obj
c:\users\geoff\sigil\build-vc2013\src\glfw\src\glfw.dir\release\context.obj
c:\users\geoff\sigil\build-vc2013\src\glfw\src\cmakefiles\generate.stamp
c:\users\geoff\sigil\build-vc2013\src\glfw\src\release\glfw3.lib
c:\users\geoff\sigil\build-vc2013\src\glfw\src\glfw.dir\release\glfw.tlog\cl.command.1.tlog
c:\users\geoff\sigil\build-vc2013\src\glfw\src\glfw.dir\release\glfw.tlog\cl.read.1.tlog
c:\users\geoff\sigil\build-vc2013\src\glfw\src\glfw.dir\release\glfw.tlog\cl.write.1.tlog
c:\users\geoff\sigil\build-vc2013\src\glfw\src\glfw.dir\release\glfw.tlog\custombuild.command.1.tlog
c:\users\geoff\sigil\build-vc2013\src\glfw\src\glfw.dir\release\glfw.tlog\custombuild.read.1.tlog
c:\users\geoff\sigil\build-vc2013\src\glfw\src\glfw.dir\release\glfw.tlog\custombuild.write.1.tlog
c:\users\geoff\sigil\build-vc2013\src\glfw\src\glfw.dir\release\glfw.tlog\lib-link.read.1.tlog
c:\users\geoff\sigil\build-vc2013\src\glfw\src\glfw.dir\release\glfw.tlog\lib-link.write.1.tlog
c:\users\geoff\sigil\build-vc2013\src\glfw\src\glfw.dir\release\glfw.tlog\lib.command.1.tlog
