C:\Users\Geoff\sigil\examples\shapes\vc2010\Debug\cl.command.1.tlog
C:\Users\Geoff\sigil\examples\shapes\vc2010\Debug\CL.read.1.tlog
C:\Users\Geoff\sigil\examples\shapes\vc2010\Debug\CL.write.1.tlog
C:\Users\Geoff\sigil\examples\shapes\vc2010\Debug\link.command.1.tlog
C:\Users\Geoff\sigil\examples\shapes\vc2010\Debug\link.read.1.tlog
C:\Users\Geoff\sigil\examples\shapes\vc2010\Debug\link.write.1.tlog
C:\Users\Geoff\sigil\examples\shapes\vc2010\Debug\mt.command.1.tlog
C:\Users\Geoff\sigil\examples\shapes\vc2010\Debug\mt.read.1.tlog
C:\Users\Geoff\sigil\examples\shapes\vc2010\Debug\mt.write.1.tlog
C:\Users\Geoff\sigil\examples\shapes\vc2010\Debug\shapes.obj
C:\Users\Geoff\sigil\examples\shapes\vc2010\Debug\shapes-vc2010.exe
C:\Users\Geoff\sigil\examples\shapes\vc2010\Debug\shapes-vc2010.exe.intermediate.manifest
C:\Users\Geoff\sigil\examples\shapes\vc2010\Debug\shapes-vc2010.ilk
C:\Users\Geoff\sigil\examples\shapes\vc2010\Debug\shapes-vc2010.pdb
C:\Users\Geoff\sigil\examples\shapes\vc2010\Debug\shapes-vc2010.write.1.tlog
C:\Users\Geoff\sigil\examples\shapes\vc2010\Debug\vc100.idb
C:\Users\Geoff\sigil\examples\shapes\vc2010\Debug\vc100.pdb
C:\USERS\GEOFF\SIGIL\EXAMPLES\SHAPES\VC2010\SHAPES-VC2010\DEBUG\SHAPES.OBJ
C:\USERS\GEOFF\SIGIL\EXAMPLES\SHAPES\VC2010\SHAPES-VC2010\DEBUG\SHAPES-VC2010.EXE
C:\USERS\GEOFF\SIGIL\EXAMPLES\SHAPES\VC2010\SHAPES-VC2010\DEBUG\SHAPES-VC2010.EXE.INTERMEDIATE.MANIFEST
C:\USERS\GEOFF\SIGIL\EXAMPLES\SHAPES\VC2010\SHAPES-VC2010\DEBUG\SHAPES-VC2010.ILK
C:\USERS\GEOFF\SIGIL\EXAMPLES\SHAPES\VC2010\SHAPES-VC2010\DEBUG\SHAPES-VC2010.PDB
C:\USERS\GEOFF\SIGIL\EXAMPLES\SHAPES\VC2010\SHAPES-VC2010\DEBUG\VC100.PDB
