Build started Sun, Jun 5 12:03:40 am.
     1>Project "C:\Users\Geoff\sigil\build-vc2013-win64\sigil.vcxproj" on node 2 (Rebuild target(s)).
     1>CustomBuild:
         Building Custom Rule C:/Users/Geoff/sigil/CMakeLists.txt
         CMake does not need to re-run because C:\Users\Geoff\sigil\build-vc2013-win64\CMakeFiles\generate.stamp is up-to-date.
       ClCompile:
         C:\Program Files (x86)\Microsoft Visual Studio 12.0\VC\bin\x86_amd64\CL.exe /c /IC:\Users\Geoff\sigil\include /IC:\Users\Geoff\sigil\src\glfw\include /I"C:\Program Files (x86)\Microsoft Visual Studio 12.0\VC\include" /I"C:\Program Files (x86)\Microsoft Visual Studio 12.0\VC\include\freetype2" /I"C:\Users\Geoff\sigil\build-vc2013-win64\src" /nologo /W3 /WX- /O2 /Ob2 /D WIN32 /D _WINDOWS /D NDEBUG /D _CRT_SECURE_NO_DEPRECATE /D "CMAKE_INTDIR=\"Release\"" /D sigil_EXPORTS /D _WINDLL /D _MBCS /Gm- /MD /GS /fp:precise /Zc:wchar_t /Zc:forScope /Fo"sigil.dir\Release\\" /Fd"sigil.dir\Release\vc120.pdb" /Gd /TC /errorReport:prompt C:\Users\Geoff\sigil\src\sl.c C:\Users\Geoff\sigil\src\internal\circle.c C:\Users\Geoff\sigil\src\internal\line.c C:\Users\Geoff\sigil\src\internal\point.c C:\Users\Geoff\sigil\src\internal\rectangle.c C:\Users\Geoff\sigil\src\internal\sound.c C:\Users\Geoff\sigil\src\internal\sprite.c C:\Users\Geoff\sigil\src\internal\text.c C:\Users\Geoff\sigil\src\internal\triangle.c C:\Users\Geoff\sigil\src\libdrawtext\drawgl.c C:\Users\Geoff\sigil\src\libdrawtext\font.c C:\Users\Geoff\sigil\src\libdrawtext\utf8.c C:\Users\Geoff\sigil\src\soil\image_DXT.c C:\Users\Geoff\sigil\src\soil\image_helper.c C:\Users\Geoff\sigil\src\soil\SOIL.c C:\Users\Geoff\sigil\src\soil\stb_image_aug.c C:\Users\Geoff\sigil\src\util\images.c C:\Users\Geoff\sigil\src\util\shader.c C:\Users\Geoff\sigil\src\util\transform.c C:\Users\Geoff\sigil\src\internal\window_glfw.c C:\Users\Geoff\sigil\src\internal\shaders_gl.c
         sl.c
         circle.c
         line.c
         point.c
         rectangle.c
         sound.c
         sprite.c
         text.c
         triangle.c
         drawgl.c
         font.c
         utf8.c
     1>C:\Users\Geoff\sigil\src\libdrawtext\utf8.c(121): warning C4267: 'initializing' : conversion from 'size_t' to 'int', possible loss of data
     1>C:\Users\Geoff\sigil\src\libdrawtext\utf8.c(147): warning C4267: 'initializing' : conversion from 'size_t' to 'int', possible loss of data
         image_DXT.c
         image_helper.c
         SOIL.c
     1>C:\Users\Geoff\sigil\src\soil\SOIL.c(1867): warning C4267: 'function' : conversion from 'size_t' to 'int', possible loss of data
         stb_image_aug.c
         images.c
         shader.c
         transform.c
         window_glfw.c
         Generating Code...
         Compiling...
         shaders_gl.c
         Generating Code...
       Link:
         C:\Program Files (x86)\Microsoft Visual Studio 12.0\VC\bin\x86_amd64\link.exe /ERRORREPORT:PROMPT /OUT:"C:\Users\Geoff\sigil\build-vc2013-win64\Release\sigil.dll" /INCREMENTAL:NO /NOLOGO kernel32.lib user32.lib gdi32.lib winspool.lib shell32.lib ole32.lib oleaut32.lib uuid.lib comdlg32.lib advapi32.lib src\glfw\src\Release\glfw3.lib "C:\Program Files (x86)\Microsoft Visual Studio 12.0\VC\lib\amd64\glew32.lib" "C:\Program Files (x86)\Microsoft Visual Studio 12.0\VC\lib\amd64\freetype.lib" "C:\Program Files (x86)\Microsoft Visual Studio 12.0\VC\lib\amd64\OpenAL32.lib" opengl32.lib /MANIFEST /MANIFESTUAC:"level='asInvoker' uiAccess='false'" /manifest:embed /PDB:"C:/Users/Geoff/sigil/build-vc2013-win64/Release/sigil.pdb" /SUBSYSTEM:CONSOLE /TLBID:1 /DYNAMICBASE /NXCOMPAT /IMPLIB:"C:/Users/Geoff/sigil/build-vc2013-win64/Release/sigil.lib" /MACHINE:X64  /machine:x64 /DLL sigil.dir\Release\sl.obj
         sigil.dir\Release\circle.obj
         sigil.dir\Release\line.obj
         sigil.dir\Release\point.obj
         sigil.dir\Release\rectangle.obj
         sigil.dir\Release\sound.obj
         sigil.dir\Release\sprite.obj
         sigil.dir\Release\text.obj
         sigil.dir\Release\triangle.obj
         sigil.dir\Release\drawgl.obj
         sigil.dir\Release\font.obj
         sigil.dir\Release\utf8.obj
         sigil.dir\Release\image_DXT.obj
         sigil.dir\Release\image_helper.obj
         sigil.dir\Release\SOIL.obj
         sigil.dir\Release\stb_image_aug.obj
         sigil.dir\Release\images.obj
         sigil.dir\Release\shader.obj
         sigil.dir\Release\transform.obj
         sigil.dir\Release\window_glfw.obj
         sigil.dir\Release\shaders_gl.obj
            Creating library C:/Users/Geoff/sigil/build-vc2013-win64/Release/sigil.lib and object C:/Users/Geoff/sigil/build-vc2013-win64/Release/sigil.exp
         sigil.vcxproj -> C:\Users\Geoff\sigil\build-vc2013-win64\Release\sigil.dll
     1>Done Building Project "C:\Users\Geoff\sigil\build-vc2013-win64\sigil.vcxproj" (Rebuild target(s)).

Build succeeded.

Time Elapsed 00:00:04.44
