c:\users\archiact14\desktop\dropbox\misc\sigil\examples\input\vc2015\debug\vc140.pdb
c:\users\archiact14\desktop\dropbox\misc\sigil\examples\input\vc2015\debug\vc140.idb
c:\users\archiact14\desktop\dropbox\misc\sigil\examples\input\vc2015\debug\input.obj
c:\users\archiact14\appdata\local\microsoft\applicationinsights\vstelaif-312cbd79-9dbb-4c48-a7da-3cc2a931cb70\20160616211915_081439aa1e4840e292494924115fe0b4.trn
c:\users\archiact14\desktop\dropbox\misc\sigil\examples\input\vc2015\debug\input-vc2015.ilk
c:\users\archiact14\desktop\dropbox\misc\sigil\examples\input\vc2015\debug\input-vc2015.exe
c:\users\archiact14\desktop\dropbox\misc\sigil\examples\input\vc2015\debug\input-vc2015.pdb
c:\users\geoff\sigil\examples\input\vc2015\debug\input.obj
c:\users\geoff\sigil\examples\input\vc2015\debug\input-vc2015.ilk
c:\users\geoff\sigil\examples\input\vc2015\debug\vc140.idb
c:\users\geoff\sigil\examples\input\vc2015\debug\input-vc2015.pdb
c:\users\geoff\sigil\examples\input\vc2015\debug\vc140.pdb
c:\users\geoff\sigil\examples\input\vc2015\debug\input-vc2015.exe
c:\users\geoff\sigil\examples\input\vc2015\debug\input-vc2015.tlog\cl.command.1.tlog
c:\users\geoff\sigil\examples\input\vc2015\debug\input-vc2015.tlog\cl.read.1.tlog
c:\users\geoff\sigil\examples\input\vc2015\debug\input-vc2015.tlog\cl.write.1.tlog
c:\users\geoff\sigil\examples\input\vc2015\debug\input-vc2015.tlog\link-vctip.delete.1.tlog
c:\users\geoff\sigil\examples\input\vc2015\debug\input-vc2015.tlog\link-vctip.delete.33.tlog
c:\users\geoff\sigil\examples\input\vc2015\debug\input-vc2015.tlog\link-vctip.delete.43.tlog
c:\users\geoff\sigil\examples\input\vc2015\debug\input-vc2015.tlog\link-vctip.delete.53.tlog
c:\users\geoff\sigil\examples\input\vc2015\debug\input-vc2015.tlog\link-vctip.delete.58.tlog
c:\users\geoff\sigil\examples\input\vc2015\debug\input-vc2015.tlog\link-vctip.delete.65.tlog
c:\users\geoff\sigil\examples\input\vc2015\debug\input-vc2015.tlog\link-vctip.delete.73.tlog
c:\users\geoff\sigil\examples\input\vc2015\debug\input-vc2015.tlog\link-vctip.delete.87.tlog
c:\users\geoff\sigil\examples\input\vc2015\debug\input-vc2015.tlog\link-vctip.read.1.tlog
c:\users\geoff\sigil\examples\input\vc2015\debug\input-vc2015.tlog\link-vctip.read.16.tlog
c:\users\geoff\sigil\examples\input\vc2015\debug\input-vc2015.tlog\link-vctip.read.23.tlog
c:\users\geoff\sigil\examples\input\vc2015\debug\input-vc2015.tlog\link-vctip.read.28.tlog
c:\users\geoff\sigil\examples\input\vc2015\debug\input-vc2015.tlog\link-vctip.read.31.tlog
c:\users\geoff\sigil\examples\input\vc2015\debug\input-vc2015.tlog\link-vctip.read.33.tlog
c:\users\geoff\sigil\examples\input\vc2015\debug\input-vc2015.tlog\link-vctip.read.36.tlog
c:\users\geoff\sigil\examples\input\vc2015\debug\input-vc2015.tlog\link-vctip.read.40.tlog
c:\users\geoff\sigil\examples\input\vc2015\debug\input-vc2015.tlog\link-vctip.read.43.tlog
c:\users\geoff\sigil\examples\input\vc2015\debug\input-vc2015.tlog\link-vctip.read.50.tlog
c:\users\geoff\sigil\examples\input\vc2015\debug\input-vc2015.tlog\link-vctip.read.53.tlog
c:\users\geoff\sigil\examples\input\vc2015\debug\input-vc2015.tlog\link-vctip.read.58.tlog
c:\users\geoff\sigil\examples\input\vc2015\debug\input-vc2015.tlog\link-vctip.read.63.tlog
c:\users\geoff\sigil\examples\input\vc2015\debug\input-vc2015.tlog\link-vctip.read.65.tlog
c:\users\geoff\sigil\examples\input\vc2015\debug\input-vc2015.tlog\link-vctip.read.73.tlog
c:\users\geoff\sigil\examples\input\vc2015\debug\input-vc2015.tlog\link-vctip.read.84.tlog
c:\users\geoff\sigil\examples\input\vc2015\debug\input-vc2015.tlog\link-vctip.read.86.tlog
c:\users\geoff\sigil\examples\input\vc2015\debug\input-vc2015.tlog\link-vctip.read.87.tlog
c:\users\geoff\sigil\examples\input\vc2015\debug\input-vc2015.tlog\link-vctip.write.1.tlog
c:\users\geoff\sigil\examples\input\vc2015\debug\input-vc2015.tlog\link-vctip.write.23.tlog
c:\users\geoff\sigil\examples\input\vc2015\debug\input-vc2015.tlog\link-vctip.write.33.tlog
c:\users\geoff\sigil\examples\input\vc2015\debug\input-vc2015.tlog\link-vctip.write.36.tlog
c:\users\geoff\sigil\examples\input\vc2015\debug\input-vc2015.tlog\link-vctip.write.43.tlog
c:\users\geoff\sigil\examples\input\vc2015\debug\input-vc2015.tlog\link-vctip.write.53.tlog
c:\users\geoff\sigil\examples\input\vc2015\debug\input-vc2015.tlog\link-vctip.write.58.tlog
c:\users\geoff\sigil\examples\input\vc2015\debug\input-vc2015.tlog\link-vctip.write.65.tlog
c:\users\geoff\sigil\examples\input\vc2015\debug\input-vc2015.tlog\link-vctip.write.73.tlog
c:\users\geoff\sigil\examples\input\vc2015\debug\input-vc2015.tlog\link-vctip.write.87.tlog
c:\users\geoff\sigil\examples\input\vc2015\debug\input-vc2015.tlog\link.command.1.tlog
c:\users\geoff\sigil\examples\input\vc2015\debug\input-vc2015.tlog\link.read.1.tlog
c:\users\geoff\sigil\examples\input\vc2015\debug\input-vc2015.tlog\link.write.1.tlog
