C:\USERS\GEOFF\SIGIL\EXAMPLES\SOUND\VC2012\DEBUG\SOUND.OBJ
C:\USERS\GEOFF\SIGIL\EXAMPLES\SOUND\VC2012\DEBUG\VC110.PDB
C:\USERS\GEOFF\SIGIL\EXAMPLES\SOUND\VC2012\DEBUG\SOUND-VC2012.ILK
C:\USERS\GEOFF\SIGIL\EXAMPLES\SOUND\VC2012\DEBUG\SOUND-VC2012.EXE
C:\USERS\GEOFF\SIGIL\EXAMPLES\SOUND\VC2012\DEBUG\SOUND-VC2012.PDB
C:\Users\Geoff\sigil\examples\sound\vc2012\Debug\sound.obj
C:\Users\Geoff\sigil\examples\sound\vc2012\Debug\sound-vc2012.ilk
C:\Users\Geoff\sigil\examples\sound\vc2012\Debug\cl.command.1.tlog
C:\Users\Geoff\sigil\examples\sound\vc2012\Debug\CL.read.1.tlog
C:\Users\Geoff\sigil\examples\sound\vc2012\Debug\CL.write.1.tlog
C:\Users\Geoff\sigil\examples\sound\vc2012\Debug\link-cvtres.read.1.tlog
C:\Users\Geoff\sigil\examples\sound\vc2012\Debug\link-cvtres.write.1.tlog
C:\Users\Geoff\sigil\examples\sound\vc2012\Debug\link-rc.read.1.tlog
C:\Users\Geoff\sigil\examples\sound\vc2012\Debug\link-rc.write.1.tlog
C:\Users\Geoff\sigil\examples\sound\vc2012\Debug\link.command.1.tlog
C:\Users\Geoff\sigil\examples\sound\vc2012\Debug\link.read.1.tlog
C:\Users\Geoff\sigil\examples\sound\vc2012\Debug\link.write.1.tlog
C:\Users\Geoff\sigil\examples\sound\vc2012\Debug\vc110.idb
C:\Users\Geoff\sigil\examples\sound\vc2012\Debug\sound-vc2012.pdb
C:\Users\Geoff\sigil\examples\sound\vc2012\Debug\vc110.pdb
C:\Users\Geoff\sigil\examples\sound\vc2012\Debug\sound-vc2012.exe
