Determining if the pthread_create exist failed with the following output:
Change Dir: /home/geoff/sigil/build-linux-gcc/CMakeFiles/CMakeTmp

Run Build Command:/usr/bin/make "cmTryCompileExec3462122234/fast"
/usr/bin/make -f CMakeFiles/cmTryCompileExec3462122234.dir/build.make CMakeFiles/cmTryCompileExec3462122234.dir/build
make[1]: Entering directory `/home/geoff/sigil/build-linux-gcc/CMakeFiles/CMakeTmp'
/usr/bin/cmake -E cmake_progress_report /home/geoff/sigil/build-linux-gcc/CMakeFiles/CMakeTmp/CMakeFiles 1
Building C object CMakeFiles/cmTryCompileExec3462122234.dir/CheckSymbolExists.c.o
/usr/bin/cc   -fPIC    -o CMakeFiles/cmTryCompileExec3462122234.dir/CheckSymbolExists.c.o   -c /home/geoff/sigil/build-linux-gcc/CMakeFiles/CMakeTmp/CheckSymbolExists.c
Linking C executable cmTryCompileExec3462122234
/usr/bin/cmake -E cmake_link_script CMakeFiles/cmTryCompileExec3462122234.dir/link.txt --verbose=1
/usr/bin/cc  -fPIC     CMakeFiles/cmTryCompileExec3462122234.dir/CheckSymbolExists.c.o  -o cmTryCompileExec3462122234 -rdynamic 
CMakeFiles/cmTryCompileExec3462122234.dir/CheckSymbolExists.c.o: In function `main':
CheckSymbolExists.c:(.text+0x1b): undefined reference to `pthread_create'
collect2: error: ld returned 1 exit status
make[1]: Leaving directory `/home/geoff/sigil/build-linux-gcc/CMakeFiles/CMakeTmp'
make[1]: *** [cmTryCompileExec3462122234] Error 1
make: *** [cmTryCompileExec3462122234/fast] Error 2

File /home/geoff/sigil/build-linux-gcc/CMakeFiles/CMakeTmp/CheckSymbolExists.c:
/* */
#include <pthread.h>

int main(int argc, char** argv)
{
  (void)argv;
#ifndef pthread_create
  return ((int*)(&pthread_create))[argc];
#else
  (void)argc;
  return 0;
#endif
}

Determining if the function pthread_create exists in the pthreads failed with the following output:
Change Dir: /home/geoff/sigil/build-linux-gcc/CMakeFiles/CMakeTmp

Run Build Command:/usr/bin/make "cmTryCompileExec341412589/fast"
/usr/bin/make -f CMakeFiles/cmTryCompileExec341412589.dir/build.make CMakeFiles/cmTryCompileExec341412589.dir/build
make[1]: Entering directory `/home/geoff/sigil/build-linux-gcc/CMakeFiles/CMakeTmp'
/usr/bin/cmake -E cmake_progress_report /home/geoff/sigil/build-linux-gcc/CMakeFiles/CMakeTmp/CMakeFiles 1
Building C object CMakeFiles/cmTryCompileExec341412589.dir/CheckFunctionExists.c.o
/usr/bin/cc   -fPIC -DCHECK_FUNCTION_EXISTS=pthread_create   -o CMakeFiles/cmTryCompileExec341412589.dir/CheckFunctionExists.c.o   -c /usr/share/cmake-2.8/Modules/CheckFunctionExists.c
Linking C executable cmTryCompileExec341412589
/usr/bin/cmake -E cmake_link_script CMakeFiles/cmTryCompileExec341412589.dir/link.txt --verbose=1
/usr/bin/cc  -fPIC -DCHECK_FUNCTION_EXISTS=pthread_create    CMakeFiles/cmTryCompileExec341412589.dir/CheckFunctionExists.c.o  -o cmTryCompileExec341412589 -rdynamic -lpthreads 
/usr/bin/ld: cannot find -lpthreads
collect2: error: ld returned 1 exit status
make[1]: Leaving directory `/home/geoff/sigil/build-linux-gcc/CMakeFiles/CMakeTmp'
make[1]: *** [cmTryCompileExec341412589] Error 1
make: *** [cmTryCompileExec341412589/fast] Error 2


