C:\USERS\GEOFF\SIGIL\BUILD-VC2010\SRC\GLFW\SRC\CMAKEFILES\GENERATE.STAMP
C:\Users\Geoff\sigil\build-vc2010\src\glfw\src\glfw.dir\Release\cl.command.1.tlog
C:\Users\Geoff\sigil\build-vc2010\src\glfw\src\glfw.dir\Release\CL.read.1.tlog
C:\Users\Geoff\sigil\build-vc2010\src\glfw\src\glfw.dir\Release\CL.write.1.tlog
C:\USERS\GEOFF\SIGIL\BUILD-VC2010\SRC\GLFW\SRC\GLFW.DIR\RELEASE\CONTEXT.OBJ
C:\Users\Geoff\sigil\build-vc2010\src\glfw\src\glfw.dir\Release\custombuild.command.1.tlog
C:\Users\Geoff\sigil\build-vc2010\src\glfw\src\glfw.dir\Release\custombuild.read.1.tlog
C:\Users\Geoff\sigil\build-vc2010\src\glfw\src\glfw.dir\Release\custombuild.write.1.tlog
C:\Users\Geoff\sigil\build-vc2010\src\glfw\src\glfw.dir\Release\glfw.vcxprojResolveAssemblyReference.cache
C:\Users\Geoff\sigil\build-vc2010\src\glfw\src\glfw.dir\Release\glfw.write.1.tlog
C:\USERS\GEOFF\SIGIL\BUILD-VC2010\SRC\GLFW\SRC\GLFW.DIR\RELEASE\INIT.OBJ
C:\USERS\GEOFF\SIGIL\BUILD-VC2010\SRC\GLFW\SRC\GLFW.DIR\RELEASE\INPUT.OBJ
C:\Users\Geoff\sigil\build-vc2010\src\glfw\src\glfw.dir\Release\lib.command.1.tlog
C:\Users\Geoff\sigil\build-vc2010\src\glfw\src\glfw.dir\Release\Lib-link.read.1.tlog
C:\Users\Geoff\sigil\build-vc2010\src\glfw\src\glfw.dir\Release\Lib-link.write.1.tlog
C:\USERS\GEOFF\SIGIL\BUILD-VC2010\SRC\GLFW\SRC\GLFW.DIR\RELEASE\MONITOR.OBJ
C:\USERS\GEOFF\SIGIL\BUILD-VC2010\SRC\GLFW\SRC\GLFW.DIR\RELEASE\VULKAN.OBJ
C:\USERS\GEOFF\SIGIL\BUILD-VC2010\SRC\GLFW\SRC\GLFW.DIR\RELEASE\WGL_CONTEXT.OBJ
C:\USERS\GEOFF\SIGIL\BUILD-VC2010\SRC\GLFW\SRC\GLFW.DIR\RELEASE\WIN32_INIT.OBJ
C:\USERS\GEOFF\SIGIL\BUILD-VC2010\SRC\GLFW\SRC\GLFW.DIR\RELEASE\WIN32_JOYSTICK.OBJ
C:\USERS\GEOFF\SIGIL\BUILD-VC2010\SRC\GLFW\SRC\GLFW.DIR\RELEASE\WIN32_MONITOR.OBJ
C:\USERS\GEOFF\SIGIL\BUILD-VC2010\SRC\GLFW\SRC\GLFW.DIR\RELEASE\WIN32_TIME.OBJ
C:\USERS\GEOFF\SIGIL\BUILD-VC2010\SRC\GLFW\SRC\GLFW.DIR\RELEASE\WIN32_TLS.OBJ
C:\USERS\GEOFF\SIGIL\BUILD-VC2010\SRC\GLFW\SRC\GLFW.DIR\RELEASE\WIN32_WINDOW.OBJ
C:\USERS\GEOFF\SIGIL\BUILD-VC2010\SRC\GLFW\SRC\GLFW.DIR\RELEASE\WINDOW.OBJ
C:\USERS\GEOFF\SIGIL\BUILD-VC2010\SRC\GLFW\SRC\RELEASE\GLFW3.LIB
