Build started Sun, May 29 1:49:06 am.
     1>Project "C:\Users\Geoff\sigil\build-vc2010\src\glfw\src\glfw.vcxproj" on node 2 (rebuild target(s)).
     1>_PrepareForClean:
         Deleting file "glfw.dir\Release\glfw.lastbuildstate".
       InitializeBuildStatus:
         Creating "glfw.dir\Release\glfw.unsuccessfulbuild" because "AlwaysCreate" was specified.
       CustomBuild:
         Building Custom Rule C:/Users/Geoff/sigil/src/glfw/src/CMakeLists.txt
         CMake does not need to re-run because C:\Users\Geoff\sigil\build-vc2010\src\glfw\src\CMakeFiles\generate.stamp is up-to-date.
       ClCompile:
         c:\Program Files (x86)\Microsoft Visual Studio 10.0\VC\bin\CL.exe /c /IC:\Users\Geoff\sigil\include /IC:\Users\Geoff\sigil\src\glfw\include /IC:\Users\Geoff\sigil\src\glfw\src /I"C:\Users\Geoff\sigil\build-vc2010\src\glfw\src" /nologo /W3 /WX- /O2 /Ob2 /Oy- /D WIN32 /D _WINDOWS /D NDEBUG /D _GLFW_USE_CONFIG_H /D _CRT_SECURE_NO_WARNINGS /D "CMAKE_INTDIR=\"Release\"" /D _MBCS /Gm- /MD /GS /fp:precise /Zc:wchar_t /Zc:forScope /Fo"glfw.dir\Release\\" /Fd"glfw.dir\Release\vc100.pdb" /Gd /TC /analyze- /errorReport:prompt ..\..\..\..\src\glfw\src\context.c ..\..\..\..\src\glfw\src\init.c ..\..\..\..\src\glfw\src\input.c ..\..\..\..\src\glfw\src\monitor.c ..\..\..\..\src\glfw\src\vulkan.c ..\..\..\..\src\glfw\src\window.c ..\..\..\..\src\glfw\src\win32_init.c ..\..\..\..\src\glfw\src\win32_joystick.c ..\..\..\..\src\glfw\src\win32_monitor.c ..\..\..\..\src\glfw\src\win32_time.c ..\..\..\..\src\glfw\src\win32_tls.c ..\..\..\..\src\glfw\src\win32_window.c ..\..\..\..\src\glfw\src\wgl_context.c
         context.c
         init.c
         input.c
         monitor.c
         vulkan.c
         window.c
         win32_init.c
         win32_joystick.c
         win32_monitor.c
         win32_time.c
         win32_tls.c
         win32_window.c
         wgl_context.c
         Generating Code...
       Lib:
         c:\Program Files (x86)\Microsoft Visual Studio 10.0\VC\bin\Lib.exe /OUT:"C:\Users\Geoff\sigil\build-vc2010\src\glfw\src\Release\glfw3.lib" /NOLOGO glfw.dir\Release\context.obj
         glfw.dir\Release\init.obj
         glfw.dir\Release\input.obj
         glfw.dir\Release\monitor.obj
         glfw.dir\Release\vulkan.obj
         glfw.dir\Release\window.obj
         glfw.dir\Release\win32_init.obj
         glfw.dir\Release\win32_joystick.obj
         glfw.dir\Release\win32_monitor.obj
         glfw.dir\Release\win32_time.obj
         glfw.dir\Release\win32_tls.obj
         glfw.dir\Release\win32_window.obj
         glfw.dir\Release\wgl_context.obj  /machine:X86 
         glfw.vcxproj -> C:\Users\Geoff\sigil\build-vc2010\src\glfw\src\Release\glfw3.lib
       FinalizeBuildStatus:
         Deleting file "glfw.dir\Release\glfw.unsuccessfulbuild".
         Touching "glfw.dir\Release\glfw.lastbuildstate".
     1>Done Building Project "C:\Users\Geoff\sigil\build-vc2010\src\glfw\src\glfw.vcxproj" (rebuild target(s)).

Build succeeded.

Time Elapsed 00:00:04.07
