Build started Sun, May 29 2:02:20 am.
     1>Project "C:\Users\Geoff\sigil\examples\sound\vc2010\sound.vcxproj" on node 2 (rebuild target(s)).
     1>InitializeBuildStatus:
         Creating "Debug\sound-vc2010.unsuccessfulbuild" because "AlwaysCreate" was specified.
       ClCompile:
         c:\Program Files (x86)\Microsoft Visual Studio 10.0\VC\bin\CL.exe /c /IC:\Users\Geoff\sigil\include /ZI /nologo /W3 /WX- /Od /Oy- /D _MBCS /Gm /EHsc /RTC1 /MDd /GS /fp:precise /Zc:wchar_t /Zc:forScope /Fo"Debug\\" /Fd"Debug\vc100.pdb" /Gd /TP /analyze- /errorReport:prompt ..\sound.cpp
         sound.cpp
     1>c:\users\geoff\sigil\examples\sound\sound.cpp(41): warning C4996: 'sprintf': This function or variable may be unsafe. Consider using sprintf_s instead. To disable deprecation, use _CRT_SECURE_NO_WARNINGS. See online help for details.
                 c:\program files (x86)\microsoft visual studio 10.0\vc\include\stdio.h(371) : see declaration of 'sprintf'
       Link:
         c:\Program Files (x86)\Microsoft Visual Studio 10.0\VC\bin\link.exe /ERRORREPORT:PROMPT /OUT:"C:\Users\Geoff\sigil\examples\sound\vc2010\Debug\sound-vc2010.exe" /NOLOGO lib/sigil.lib kernel32.lib user32.lib gdi32.lib winspool.lib comdlg32.lib advapi32.lib shell32.lib ole32.lib oleaut32.lib uuid.lib odbc32.lib odbccp32.lib /MANIFEST /ManifestFile:"Debug\sound-vc2010.exe.intermediate.manifest" /MANIFESTUAC:"level='asInvoker' uiAccess='false'" /DEBUG /PDB:"C:\Users\Geoff\sigil\examples\sound\vc2010\Debug\sound-vc2010.pdb" /TLBID:1 /DYNAMICBASE /NXCOMPAT /IMPLIB:"C:\Users\Geoff\sigil\examples\sound\vc2010\Debug\sound-vc2010.lib" /MACHINE:X86 Debug\sound.obj
         sound.vcxproj -> C:\Users\Geoff\sigil\examples\sound\vc2010\Debug\sound-vc2010.exe
       Manifest:
         C:\Program Files (x86)\Microsoft SDKs\Windows\v7.0A\bin\mt.exe /nologo /verbose /outputresource:"C:\Users\Geoff\sigil\examples\sound\vc2010\Debug\sound-vc2010.exe;#1" /manifest "Debug\sound-vc2010.exe.intermediate.manifest"
       FinalizeBuildStatus:
         Deleting file "Debug\sound-vc2010.unsuccessfulbuild".
         Touching "Debug\sound-vc2010.lastbuildstate".
     1>Done Building Project "C:\Users\Geoff\sigil\examples\sound\vc2010\sound.vcxproj" (rebuild target(s)).

Build succeeded.

Time Elapsed 00:00:01.18
