C:\USERS\GEOFF\SIGIL\EXAMPLES\TEXT\TEXT-VC2010-WIN64\X64\DEBUG\TEXT.OBJ
C:\USERS\GEOFF\SIGIL\EXAMPLES\TEXT\TEXT-VC2010-WIN64\X64\DEBUG\TEXT-VC2010-WIN64.EXE
C:\USERS\GEOFF\SIGIL\EXAMPLES\TEXT\TEXT-VC2010-WIN64\X64\DEBUG\TEXT-VC2010-WIN64.EXE.INTERMEDIATE.MANIFEST
C:\USERS\GEOFF\SIGIL\EXAMPLES\TEXT\TEXT-VC2010-WIN64\X64\DEBUG\TEXT-VC2010-WIN64.ILK
C:\USERS\GEOFF\SIGIL\EXAMPLES\TEXT\TEXT-VC2010-WIN64\X64\DEBUG\TEXT-VC2010-WIN64.PDB
C:\USERS\GEOFF\SIGIL\EXAMPLES\TEXT\TEXT-VC2010-WIN64\X64\DEBUG\VC100.PDB
C:\Users\Geoff\sigil\examples\text\vc2010-win64\x64\Debug\cl.command.1.tlog
C:\Users\Geoff\sigil\examples\text\vc2010-win64\x64\Debug\CL.read.1.tlog
C:\Users\Geoff\sigil\examples\text\vc2010-win64\x64\Debug\CL.write.1.tlog
C:\Users\Geoff\sigil\examples\text\vc2010-win64\x64\Debug\link.command.1.tlog
C:\Users\Geoff\sigil\examples\text\vc2010-win64\x64\Debug\link.read.1.tlog
C:\Users\Geoff\sigil\examples\text\vc2010-win64\x64\Debug\link.write.1.tlog
C:\Users\Geoff\sigil\examples\text\vc2010-win64\x64\Debug\mt.command.1.tlog
C:\Users\Geoff\sigil\examples\text\vc2010-win64\x64\Debug\mt.read.1.tlog
C:\Users\Geoff\sigil\examples\text\vc2010-win64\x64\Debug\mt.write.1.tlog
C:\Users\Geoff\sigil\examples\text\vc2010-win64\x64\Debug\text.obj
C:\Users\Geoff\sigil\examples\text\vc2010-win64\x64\Debug\text-vc2010-win64.exe
C:\Users\Geoff\sigil\examples\text\vc2010-win64\x64\Debug\text-vc2010-win64.exe.intermediate.manifest
C:\Users\Geoff\sigil\examples\text\vc2010-win64\x64\Debug\text-vc2010-win64.ilk
C:\Users\Geoff\sigil\examples\text\vc2010-win64\x64\Debug\text-vc2010-win64.pdb
C:\Users\Geoff\sigil\examples\text\vc2010-win64\x64\Debug\text-vc2010-win64.write.1.tlog
C:\Users\Geoff\sigil\examples\text\vc2010-win64\x64\Debug\vc100.idb
C:\Users\Geoff\sigil\examples\text\vc2010-win64\x64\Debug\vc100.pdb
