Build started Sun, May 29 4:40:15 pm.
     1>Project "C:\Users\Geoff\sigil\examples\transformations\transformations-vc2010-win64\transformations-vc2010-win64.vcxproj" on node 2 (build target(s)).
     1>InitializeBuildStatus:
         Creating "x64\Debug\transformations-vc2010-win64.unsuccessfulbuild" because "AlwaysCreate" was specified.
       ClCompile:
         c:\Program Files (x86)\Microsoft Visual Studio 10.0\VC\bin\x86_amd64\CL.exe /c /I../../../include /Zi /nologo /W3 /WX- /Od /D _MBCS /Gm /EHsc /RTC1 /MDd /GS /fp:precise /Zc:wchar_t /Zc:forScope /Fo"x64\Debug\\" /Fd"x64\Debug\vc100.pdb" /Gd /TP /errorReport:prompt ..\transformations.cpp
         transformations.cpp
     1>..\transformations.cpp(51): warning C4244: 'argument' : conversion from 'double' to 'float', possible loss of data
     1>..\transformations.cpp(58): warning C4244: 'argument' : conversion from 'double' to 'float', possible loss of data
     1>..\transformations.cpp(66): warning C4244: 'argument' : conversion from 'double' to 'float', possible loss of data
     1>..\transformations.cpp(72): warning C4244: 'argument' : conversion from 'double' to 'float', possible loss of data
     1>..\transformations.cpp(105): warning C4244: 'argument' : conversion from 'double' to 'float', possible loss of data
     1>..\transformations.cpp(107): warning C4305: 'argument' : truncation from 'double' to 'float'
     1>..\transformations.cpp(107): warning C4305: 'argument' : truncation from 'double' to 'float'
     1>..\transformations.cpp(108): warning C4244: 'argument' : conversion from 'double' to 'float', possible loss of data
       Link:
         c:\Program Files (x86)\Microsoft Visual Studio 10.0\VC\bin\x86_amd64\link.exe /ERRORREPORT:PROMPT /OUT:"C:\Users\Geoff\sigil\examples\transformations\transformations-vc2010-win64\x64\Debug\transformations-vc2010-win64.exe" /NOLOGO lib/sigil.lib kernel32.lib user32.lib gdi32.lib winspool.lib comdlg32.lib advapi32.lib shell32.lib ole32.lib oleaut32.lib uuid.lib odbc32.lib odbccp32.lib /MANIFEST /ManifestFile:"x64\Debug\transformations-vc2010-win64.exe.intermediate.manifest" /MANIFESTUAC:"level='asInvoker' uiAccess='false'" /DEBUG /PDB:"C:\Users\Geoff\sigil\examples\transformations\transformations-vc2010-win64\x64\Debug\transformations-vc2010-win64.pdb" /TLBID:1 /DYNAMICBASE /NXCOMPAT /IMPLIB:"C:\Users\Geoff\sigil\examples\transformations\transformations-vc2010-win64\x64\Debug\transformations-vc2010-win64.lib" /MACHINE:X64 x64\Debug\transformations.obj
         transformations-vc2010-win64.vcxproj -> C:\Users\Geoff\sigil\examples\transformations\transformations-vc2010-win64\x64\Debug\transformations-vc2010-win64.exe
       Manifest:
         C:\Program Files (x86)\Microsoft SDKs\Windows\v7.0A\bin\mt.exe /nologo /verbose /outputresource:"C:\Users\Geoff\sigil\examples\transformations\transformations-vc2010-win64\x64\Debug\transformations-vc2010-win64.exe;#1" /manifest "x64\Debug\transformations-vc2010-win64.exe.intermediate.manifest"
       FinalizeBuildStatus:
         Deleting file "x64\Debug\transformations-vc2010-win64.unsuccessfulbuild".
         Touching "x64\Debug\transformations-vc2010-win64.lastbuildstate".
     1>Done Building Project "C:\Users\Geoff\sigil\examples\transformations\transformations-vc2010-win64\transformations-vc2010-win64.vcxproj" (build target(s)).

Build succeeded.

Time Elapsed 00:00:00.70
